<?xml version="1.0" encoding="UTF-8"?>
<testng-results skipped="0" failed="1" total="1" passed="0">
  <reporter-output>
  </reporter-output>
  <suite name="Default suite" duration-ms="6096" started-at="2016-12-29T13:34:31Z" finished-at="2016-12-29T13:34:37Z">
    <groups>
    </groups>
    <test name="Default test" duration-ms="6096" started-at="2016-12-29T13:34:31Z" finished-at="2016-12-29T13:34:37Z">
      <class name="MyTestCase">
        <test-method status="FAIL" signature="MyTest()[pri:0, instance:MyTestCase@4f933fd1]" name="MyTest" duration-ms="6062" started-at="2016-12-29T19:04:31Z" finished-at="2016-12-29T19:04:37Z">
          <exception class="org.openqa.selenium.SessionNotCreatedException">
            <message>
              <![CDATA[Unable to create new remote session. desired capabilities = Capabilities [{marionette=true, firefoxOptions=org.openqa.selenium.firefox.FirefoxOptions@70e8f8e, browserName=firefox, moz:firefoxOptions=org.openqa.selenium.firefox.FirefoxOptions@70e8f8e, version=, platform=ANY}], required capabilities = Capabilities [{}]
Build info: version: '3.0.1', revision: '1969d75', time: '2016-10-18 09:49:13 -0700'
System info: host: 'EET-RG', ip: '192.168.25.107', os.name: 'Windows 7', os.arch: 'amd64', os.version: '6.1', java.version: '1.8.0_91'
Driver info: driver.version: FirefoxDriver]]>
            </message>
            <full-stacktrace>
              <![CDATA[org.openqa.selenium.SessionNotCreatedException: Unable to create new remote session. desired capabilities = Capabilities [{marionette=true, firefoxOptions=org.openqa.selenium.firefox.FirefoxOptions@70e8f8e, browserName=firefox, moz:firefoxOptions=org.openqa.selenium.firefox.FirefoxOptions@70e8f8e, version=, platform=ANY}], required capabilities = Capabilities [{}]
Build info: version: '3.0.1', revision: '1969d75', time: '2016-10-18 09:49:13 -0700'
System info: host: 'EET-RG', ip: '192.168.25.107', os.name: 'Windows 7', os.arch: 'amd64', os.version: '6.1', java.version: '1.8.0_91'
Driver info: driver.version: FirefoxDriver
	at org.openqa.selenium.remote.ProtocolHandshake.createSession(ProtocolHandshake.java:91)
	at org.openqa.selenium.remote.HttpCommandExecutor.execute(HttpCommandExecutor.java:141)
	at org.openqa.selenium.remote.service.DriverCommandExecutor.execute(DriverCommandExecutor.java:82)
	at org.openqa.selenium.remote.RemoteWebDriver.execute(RemoteWebDriver.java:601)
	at org.openqa.selenium.remote.RemoteWebDriver.startSession(RemoteWebDriver.java:241)
	at org.openqa.selenium.remote.RemoteWebDriver.<init>(RemoteWebDriver.java:128)
	at org.openqa.selenium.firefox.FirefoxDriver.<init>(FirefoxDriver.java:259)
	at org.openqa.selenium.firefox.FirefoxDriver.<init>(FirefoxDriver.java:247)
	at org.openqa.selenium.firefox.FirefoxDriver.<init>(FirefoxDriver.java:242)
	at org.openqa.selenium.firefox.FirefoxDriver.<init>(FirefoxDriver.java:238)
	at org.openqa.selenium.firefox.FirefoxDriver.<init>(FirefoxDriver.java:127)
	at MyTestCase.MyTest(MyTestCase.java:14)
	at sun.reflect.NativeMethodAccessorImpl.invoke0(Native Method)
	at sun.reflect.NativeMethodAccessorImpl.invoke(Unknown Source)
	at sun.reflect.DelegatingMethodAccessorImpl.invoke(Unknown Source)
	at java.lang.reflect.Method.invoke(Unknown Source)
	at org.testng.internal.MethodInvocationHelper.invokeMethod(MethodInvocationHelper.java:80)
	at org.testng.internal.Invoker.invokeMethod(Invoker.java:714)
	at org.testng.internal.Invoker.invokeTestMethod(Invoker.java:901)
	at org.testng.internal.Invoker.invokeTestMethods(Invoker.java:1231)
	at org.testng.internal.TestMethodWorker.invokeTestMethods(TestMethodWorker.java:127)
	at org.testng.internal.TestMethodWorker.run(TestMethodWorker.java:111)
	at org.testng.TestRunner.privateRun(TestRunner.java:767)
	at org.testng.TestRunner.run(TestRunner.java:617)
	at org.testng.SuiteRunner.runTest(SuiteRunner.java:334)
	at org.testng.SuiteRunner.runSequentially(SuiteRunner.java:329)
	at org.testng.SuiteRunner.privateRun(SuiteRunner.java:291)
	at org.testng.SuiteRunner.run(SuiteRunner.java:240)
	at org.testng.SuiteRunnerWorker.runSuite(SuiteRunnerWorker.java:52)
	at org.testng.SuiteRunnerWorker.run(SuiteRunnerWorker.java:86)
	at org.testng.TestNG.runSuitesSequentially(TestNG.java:1198)
	at org.testng.TestNG.runSuitesLocally(TestNG.java:1123)
	at org.testng.TestNG.run(TestNG.java:1031)
	at org.testng.remote.AbstractRemoteTestNG.run(AbstractRemoteTestNG.java:126)
	at org.testng.remote.RemoteTestNG.initAndRun(RemoteTestNG.java:137)
	at org.testng.remote.RemoteTestNG.main(RemoteTestNG.java:58)
]]>
            </full-stacktrace>
          </exception> <!-- org.openqa.selenium.SessionNotCreatedException -->
          <reporter-output>
          </reporter-output>
        </test-method> <!-- MyTest -->
      </class> <!-- MyTestCase -->
    </test> <!-- Default test -->
  </suite> <!-- Default suite -->
</testng-results>
