<?xml version="1.0" encoding="UTF-8"?>
<testng-results skipped="0" failed="0" total="1" passed="1">
  <reporter-output>
  </reporter-output>
  <suite name="MyTestCase" duration-ms="33" started-at="2016-12-29T13:29:39Z" finished-at="2016-12-29T13:29:39Z">
    <groups>
    </groups>
    <test name="Command line test" duration-ms="33" started-at="2016-12-29T13:29:39Z" finished-at="2016-12-29T13:29:39Z">
      <class name="MyTestCase">
        <test-method status="PASS" signature="MyTest()[pri:0, instance:MyTestCase@6aaa5eb0]" name="MyTest" duration-ms="13" started-at="2016-12-29T18:59:39Z" finished-at="2016-12-29T18:59:39Z">
          <reporter-output>
          </reporter-output>
        </test-method> <!-- MyTest -->
      </class> <!-- MyTestCase -->
    </test> <!-- Command line test -->
  </suite> <!-- MyTestCase -->
</testng-results>
